<?xml version="1.0" encoding="UTF-8"?>
<!-- Generated by org.testng.reporters.JUnitReportReporter -->
<testsuite hostname="DDC2-D-6QYQ9B2" name="code.CreateWorkbook" tests="1" failures="0" timestamp="22 Jul 2019 09:01:06 GMT" time="1.263" errors="0">
  <testcase name="createworkbook" time="1.263" classname="code.CreateWorkbook"/>
</testsuite> <!-- code.CreateWorkbook -->
