<?xml version="1.0" encoding="UTF-8"?>
<!-- Generated by org.testng.reporters.JUnitReportReporter -->
<testsuite hostname="DDC2-D-6QYQ9B2" name="code.ReadingData" tests="1" failures="0" timestamp="22 Jul 2019 09:54:04 GMT" time="0.875" errors="0">
  <testcase name="readExcelData" time="0.875" classname="code.ReadingData"/>
</testsuite> <!-- code.ReadingData -->
